<?xml version="1.0" encoding="UTF-8"?>
<testsuite xmlns:xsi="http://www.w3.org/2001/XMLSchema-instance" xsi:noNamespaceSchemaLocation="https://maven.apache.org/surefire/maven-surefire-plugin/xsd/surefire-test-report-3.0.xsd" version="3.0" name="CalculatorTest" time="0.036" tests="2" errors="0" skipped="0" failures="0">
  <properties>
    <property name="java.specification.version" value="21"/>
    <property name="sun.jnu.encoding" value="UTF-8"/>
    <property name="java.class.path" value="/Users/hiteshshridhar/Documents/Java/github_Actions_workflow/devsecops-github-actions-all-asecurityguru/target/test-classes:/Users/hiteshshridhar/Documents/Java/github_Actions_workflow/devsecops-github-actions-all-asecurityguru/target/classes:/Users/hiteshshridhar/.m2/repository/commons-collections/commons-collections/3.2.1/commons-collections-3.2.1.jar:/Users/hiteshshridhar/.m2/repository/org/nd4j/nd4j-common/1.0.0-beta2/nd4j-common-1.0.0-beta2.jar:/Users/hiteshshridhar/.m2/repository/org/nd4j/jackson/1.0.0-beta2/jackson-1.0.0-beta2.jar:/Users/hiteshshridhar/.m2/repository/org/yaml/snakeyaml/1.12/snakeyaml-1.12.jar:/Users/hiteshshridhar/.m2/repository/org/codehaus/woodstox/stax2-api/3.1.4/stax2-api-3.1.4.jar:/Users/hiteshshridhar/.m2/repository/joda-time/joda-time/2.2/joda-time-2.2.jar:/Users/hiteshshridhar/.m2/repository/org/slf4j/slf4j-api/1.7.21/slf4j-api-1.7.21.jar:/Users/hiteshshridhar/.m2/repository/commons-io/commons-io/2.5/commons-io-2.5.jar:/Users/hiteshshridhar/.m2/repository/org/apache/commons/commons-math3/3.5/commons-math3-3.5.jar:/Users/hiteshshridhar/.m2/repository/org/apache/commons/commons-lang3/3.6/commons-lang3-3.6.jar:/Users/hiteshshridhar/.m2/repository/org/apache/commons/commons-compress/1.16.1/commons-compress-1.16.1.jar:/Users/hiteshshridhar/.m2/repository/org/objenesis/objenesis/2.6/objenesis-2.6.jar:/Users/hiteshshridhar/.m2/repository/com/google/guava/guava/20.0/guava-20.0.jar:/Users/hiteshshridhar/.m2/repository/commons-codec/commons-codec/1.10/commons-codec-1.10.jar:/Users/hiteshshridhar/.m2/repository/junit/junit/4.12/junit-4.12.jar:/Users/hiteshshridhar/.m2/repository/org/hamcrest/hamcrest-core/1.3/hamcrest-core-1.3.jar:"/>
    <property name="java.vm.vendor" value="Homebrew"/>
    <property name="sun.arch.data.model" value="64"/>
    <property name="java.vendor.url" value="https://github.com/Homebrew/homebrew-core/issues"/>
    <property name="os.name" value="Mac OS X"/>
    <property name="java.vm.specification.version" value="21"/>
    <property name="sun.java.launcher" value="SUN_STANDARD"/>
    <property name="user.country" value="IN"/>
    <property name="sun.boot.library.path" value="/opt/homebrew/Cellar/openjdk/21.0.2/libexec/openjdk.jdk/Contents/Home/lib"/>
    <property name="sun.java.command" value="/Users/hiteshshridhar/Documents/Java/github_Actions_workflow/devsecops-github-actions-all-asecurityguru/target/surefire/surefirebooter-20240521161040375_3.jar /Users/hiteshshridhar/Documents/Java/github_Actions_workflow/devsecops-github-actions-all-asecurityguru/target/surefire 2024-05-21T16-10-40_326-jvmRun1 surefire-20240521161040375_1tmp surefire_0-20240521161040375_2tmp"/>
    <property name="http.nonProxyHosts" value="local|*.local|169.254/16|*.169.254/16"/>
    <property name="jdk.debug" value="release"/>
    <property name="surefire.test.class.path" value="/Users/hiteshshridhar/Documents/Java/github_Actions_workflow/devsecops-github-actions-all-asecurityguru/target/test-classes:/Users/hiteshshridhar/Documents/Java/github_Actions_workflow/devsecops-github-actions-all-asecurityguru/target/classes:/Users/hiteshshridhar/.m2/repository/commons-collections/commons-collections/3.2.1/commons-collections-3.2.1.jar:/Users/hiteshshridhar/.m2/repository/org/nd4j/nd4j-common/1.0.0-beta2/nd4j-common-1.0.0-beta2.jar:/Users/hiteshshridhar/.m2/repository/org/nd4j/jackson/1.0.0-beta2/jackson-1.0.0-beta2.jar:/Users/hiteshshridhar/.m2/repository/org/yaml/snakeyaml/1.12/snakeyaml-1.12.jar:/Users/hiteshshridhar/.m2/repository/org/codehaus/woodstox/stax2-api/3.1.4/stax2-api-3.1.4.jar:/Users/hiteshshridhar/.m2/repository/joda-time/joda-time/2.2/joda-time-2.2.jar:/Users/hiteshshridhar/.m2/repository/org/slf4j/slf4j-api/1.7.21/slf4j-api-1.7.21.jar:/Users/hiteshshridhar/.m2/repository/commons-io/commons-io/2.5/commons-io-2.5.jar:/Users/hiteshshridhar/.m2/repository/org/apache/commons/commons-math3/3.5/commons-math3-3.5.jar:/Users/hiteshshridhar/.m2/repository/org/apache/commons/commons-lang3/3.6/commons-lang3-3.6.jar:/Users/hiteshshridhar/.m2/repository/org/apache/commons/commons-compress/1.16.1/commons-compress-1.16.1.jar:/Users/hiteshshridhar/.m2/repository/org/objenesis/objenesis/2.6/objenesis-2.6.jar:/Users/hiteshshridhar/.m2/repository/com/google/guava/guava/20.0/guava-20.0.jar:/Users/hiteshshridhar/.m2/repository/commons-codec/commons-codec/1.10/commons-codec-1.10.jar:/Users/hiteshshridhar/.m2/repository/junit/junit/4.12/junit-4.12.jar:/Users/hiteshshridhar/.m2/repository/org/hamcrest/hamcrest-core/1.3/hamcrest-core-1.3.jar:"/>
    <property name="sun.cpu.endian" value="little"/>
    <property name="user.home" value="/Users/hiteshshridhar"/>
    <property name="user.language" value="en"/>
    <property name="java.specification.vendor" value="Oracle Corporation"/>
    <property name="java.version.date" value="2024-01-16"/>
    <property name="java.home" value="/opt/homebrew/Cellar/openjdk/21.0.2/libexec/openjdk.jdk/Contents/Home"/>
    <property name="file.separator" value="/"/>
    <property name="basedir" value="/Users/hiteshshridhar/Documents/Java/github_Actions_workflow/devsecops-github-actions-all-asecurityguru"/>
    <property name="java.vm.compressedOopsMode" value="Zero based"/>
    <property name="line.separator" value="&#10;"/>
    <property name="java.vm.specification.vendor" value="Oracle Corporation"/>
    <property name="java.specification.name" value="Java Platform API Specification"/>
    <property name="apple.awt.application.name" value="ForkedBooter"/>
    <property name="surefire.real.class.path" value="/Users/hiteshshridhar/Documents/Java/github_Actions_workflow/devsecops-github-actions-all-asecurityguru/target/surefire/surefirebooter-20240521161040375_3.jar"/>
    <property name="sun.management.compiler" value="HotSpot 64-Bit Tiered Compilers"/>
    <property name="ftp.nonProxyHosts" value="local|*.local|169.254/16|*.169.254/16"/>
    <property name="java.runtime.version" value="21.0.2"/>
    <property name="user.name" value="hiteshshridhar"/>
    <property name="stdout.encoding" value="UTF-8"/>
    <property name="path.separator" value=":"/>
    <property name="os.version" value="14.3.1"/>
    <property name="java.runtime.name" value="OpenJDK Runtime Environment"/>
    <property name="file.encoding" value="UTF-8"/>
    <property name="java.vm.name" value="OpenJDK 64-Bit Server VM"/>
    <property name="java.vendor.version" value="Homebrew"/>
    <property name="localRepository" value="/Users/hiteshshridhar/.m2/repository"/>
    <property name="java.vendor.url.bug" value="https://github.com/Homebrew/homebrew-core/issues"/>
    <property name="java.io.tmpdir" value="/var/folders/wq/d0rpcrzx0ys1sxxv2_dlq9p40000gn/T/"/>
    <property name="java.version" value="21.0.2"/>
    <property name="user.dir" value="/Users/hiteshshridhar/Documents/Java/github_Actions_workflow/devsecops-github-actions-all-asecurityguru"/>
    <property name="os.arch" value="aarch64"/>
    <property name="java.vm.specification.name" value="Java Virtual Machine Specification"/>
    <property name="native.encoding" value="UTF-8"/>
    <property name="java.library.path" value="/Users/hiteshshridhar/Library/Java/Extensions:/Library/Java/Extensions:/Network/Library/Java/Extensions:/System/Library/Java/Extensions:/usr/lib/java:."/>
    <property name="java.vm.info" value="mixed mode, sharing"/>
    <property name="stderr.encoding" value="UTF-8"/>
    <property name="java.vendor" value="Homebrew"/>
    <property name="java.vm.version" value="21.0.2"/>
    <property name="sun.io.unicode.encoding" value="UnicodeBig"/>
    <property name="socksNonProxyHosts" value="local|*.local|169.254/16|*.169.254/16"/>
    <property name="java.class.version" value="65.0"/>
  </properties>
  <testcase name="verifyAdditionOne" classname="CalculatorTest" time="0.003"/>
  <testcase name="verifyAdditionTwo" classname="CalculatorTest" time="0.0"/>
</testsuite>